<?xml version="1.0" encoding="UTF-8"?>
<!-- Generated by org.testng.reporters.JUnitReportReporter -->
<testsuite hostname="DESKTOP-DJ4FDME" failures="0" tests="6" name="demoTestNG.TestScenario3" time="0.016" errors="0" timestamp="2025-04-10T21:48:25 IST" skipped="1">
  <testcase classname="demoTestNG.TestScenario3" name="sixth_testcase" time="0.002"/>
  <testcase classname="demoTestNG.TestScenario3" name="second_testcase" time="0.008"/>
  <testcase classname="demoTestNG.TestScenario3" name="third_testcase" time="0.002"/>
  <testcase classname="demoTestNG.TestScenario3" name="forth_testcase" time="0.001"/>
  <testcase classname="demoTestNG.TestScenario3" name="fifth_testcase" time="0.003"/>
  <testcase classname="demoTestNG.TestScenario3" name="first_testcase">
    <skipped/>
  </testcase> <!-- first_testcase -->
</testsuite> <!-- demoTestNG.TestScenario3 -->
