<?xml version="1.0" encoding="UTF-8"?>
<!-- Generated by org.testng.reporters.JUnitReportReporter -->
<testsuite hostname="DESKTOP-DJ4FDME" failures="0" tests="6" name="demoTestNG.TestScenario8" time="0.029" errors="0" timestamp="2025-04-10T21:48:25 IST" skipped="0">
  <testcase classname="demoTestNG.TestScenario8" name="sixth_testcase" time="0.006"/>
  <testcase classname="demoTestNG.TestScenario8" name="second_testcase" time="0.011"/>
  <testcase classname="demoTestNG.TestScenario8" name="first_testcase" time="0.003"/>
  <testcase classname="demoTestNG.TestScenario8" name="forth_testcase" time="0.003"/>
  <testcase classname="demoTestNG.TestScenario8" name="fifth_testcase" time="0.003"/>
  <testcase classname="demoTestNG.TestScenario8" name="third_testcase" time="0.003"/>
</testsuite> <!-- demoTestNG.TestScenario8 -->
