<?xml version="1.0" encoding="UTF-8"?>
<!-- Generated by org.testng.reporters.JUnitReportReporter -->
<testsuite hostname="DESKTOP-DJ4FDME" failures="0" tests="1" name="org.wipro.automation.saucedemo.testcases.LoginScenario" time="5.658" errors="0" timestamp="2025-04-15T21:54:17 IST" skipped="0">
  <testcase classname="org.wipro.automation.saucedemo.testcases.LoginScenario" name="tc01_login_valid_credentials" time="5.658"/>
</testsuite> <!-- org.wipro.automation.saucedemo.testcases.LoginScenario -->
