<?xml version="1.0" encoding="UTF-8"?>
<!-- Generated by org.testng.reporters.JUnitReportReporter -->
<testsuite hostname="DESKTOP-DJ4FDME" failures="0" tests="1" name="org.wipro.automation.saucedemo.basepkg.InitiateBrowser" time="5.806" errors="0" timestamp="2025-04-14T21:48:53 IST" skipped="0">
  <testcase classname="org.wipro.automation.saucedemo.basepkg.InitiateBrowser" name="launchBrowser" time="5.806"/>
</testsuite> <!-- org.wipro.automation.saucedemo.basepkg.InitiateBrowser -->
