<?xml version="1.0" encoding="UTF-8"?>
<!-- Generated by org.testng.reporters.JUnitReportReporter -->
<testsuite hostname="DESKTOP-DJ4FDME" failures="0" tests="2" name="org.xyz.auto.fb.FirstAutomation" time="4.957" errors="0" timestamp="2025-04-01T21:56:17 IST" skipped="1">
  <testcase classname="org.xyz.auto.fb.FirstAutomation" name="loginpage" time="4.957"/>
  <testcase classname="org.xyz.auto.fb.FirstAutomation" name="signupPage">
    <skipped/>
  </testcase> <!-- signupPage -->
</testsuite> <!-- org.xyz.auto.fb.FirstAutomation -->
