<?xml version="1.0" encoding="UTF-8"?>
<!-- Generated by org.testng.reporters.JUnitReportReporter -->
<testsuite hostname="DESKTOP-DJ4FDME" failures="0" tests="2" name="org.xyz.auto.fb.BrowserControl" time="11.922" errors="0" timestamp="2025-04-04T22:21:41 IST" skipped="1">
  <testcase classname="org.xyz.auto.fb.BrowserControl" name="differentActions" time="11.922"/>
  <testcase classname="org.xyz.auto.fb.BrowserControl" name="launchBrowser">
    <skipped/>
  </testcase> <!-- launchBrowser -->
</testsuite> <!-- org.xyz.auto.fb.BrowserControl -->
