<?xml version="1.0" encoding="UTF-8"?>
<!-- Generated by org.testng.reporters.JUnitReportReporter -->
<testsuite hostname="DESKTOP-DJ4FDME" failures="0" tests="3" name="org.wipro.automation.saucedemo.testcases.LoginScenario_DDF" time="16.336" errors="0" timestamp="2025-04-15T21:46:10 IST" skipped="0">
  <testcase classname="org.wipro.automation.saucedemo.testcases.LoginScenario_DDF" name="tc01_login_valid_credentials" time="4.912"/>
  <testcase classname="org.wipro.automation.saucedemo.testcases.LoginScenario_DDF" name="tc01_login_valid_credentials" time="4.940"/>
  <testcase classname="org.wipro.automation.saucedemo.testcases.LoginScenario_DDF" name="tc01_login_valid_credentials" time="6.484"/>
</testsuite> <!-- org.wipro.automation.saucedemo.testcases.LoginScenario_DDF -->
