<?xml version="1.0" encoding="UTF-8"?>
<!-- Generated by org.testng.reporters.JUnitReportReporter -->
<testsuite hostname="DESKTOP-DJ4FDME" failures="0" tests="4" name="org.xyz.auto.fb.HandleKey_Mouse_Alerts_Window_Frames" time="85.304" errors="0" timestamp="2025-04-10T21:48:25 IST" skipped="2">
  <testcase classname="org.xyz.auto.fb.HandleKey_Mouse_Alerts_Window_Frames" name="tc01_handleFrames" time="71.235"/>
  <testcase classname="org.xyz.auto.fb.HandleKey_Mouse_Alerts_Window_Frames" name="tc02_handleAlerts" time="14.069"/>
  <testcase classname="org.xyz.auto.fb.HandleKey_Mouse_Alerts_Window_Frames" name="handlemouse">
    <skipped/>
  </testcase> <!-- handlemouse -->
  <testcase classname="org.xyz.auto.fb.HandleKey_Mouse_Alerts_Window_Frames" name="handlekeyboard">
    <skipped/>
  </testcase> <!-- handlekeyboard -->
</testsuite> <!-- org.xyz.auto.fb.HandleKey_Mouse_Alerts_Window_Frames -->
